
ROM used:   198/2048 (10%)
            198/2048 (10%) including unused fragments

            0.4 Average locations per line
            3.7 Average locations per statement

RAM used:   7/224 (3%) at main() level
            7/224 (3%) worst case

Stack used: 0 worst case (0 in main + 0 for interrupts)
Stack size: 8

Lines Stmts  %   Files
----- ----- ---  -----
   64    53 100  628_ALICI.c
  501     0   0  ..\..\..\..\..\..\..\Program Files\PICC\devices\16F628.H
----- -----
  565    53 Total

Page ROM  %  RAM   Vol Diff  Functions:
---- --- --- ---   --- ----  ----------
0     37  19    1             @GETCH_1_
0    157  79    1  1170  3.4  MAIN
 Inline         0             @cinit1

Program metrics:
    Functions               1
    Statements              53
    Comments                98
    Volume (V)              1176
    Difficulty (D)          3.3
    Effort to implement (E) 3911
    Time to implement (T)   4 minutes
    Est Delivered Bugs (B)  0
    Cyclomatic Complexity   8
    Maintainability (MI)    86

 Segment     Used  Free
-----------  ----  ----
00000-00003     4  0  
00004-007FF   194  1850  



